0 info it worked if it ends with ok
1 verbose cli [ '/usr/bin/nodejs', '/usr/bin/npm', 'install', 'forever' ]
2 info using npm@1.3.10
3 info using node@v0.10.25
4 verbose readDependencies using package.json deps
5 verbose cache add [ 'forever@^0.15.2', null ]
6 verbose cache add name=undefined spec="forever@^0.15.2" args=["forever@^0.15.2",null]
7 verbose parsed url { protocol: null,
7 verbose parsed url   slashes: null,
7 verbose parsed url   auth: null,
7 verbose parsed url   host: null,
7 verbose parsed url   port: null,
7 verbose parsed url   hostname: null,
7 verbose parsed url   hash: null,
7 verbose parsed url   search: null,
7 verbose parsed url   query: null,
7 verbose parsed url   pathname: 'forever@^0.15.2',
7 verbose parsed url   path: 'forever@^0.15.2',
7 verbose parsed url   href: 'forever@^0.15.2' }
8 verbose cache add name="forever" spec="^0.15.2" args=["forever","^0.15.2"]
9 verbose parsed url { protocol: null,
9 verbose parsed url   slashes: null,
9 verbose parsed url   auth: null,
9 verbose parsed url   host: null,
9 verbose parsed url   port: null,
9 verbose parsed url   hostname: null,
9 verbose parsed url   hash: null,
9 verbose parsed url   search: null,
9 verbose parsed url   query: null,
9 verbose parsed url   pathname: '^0.15.2',
9 verbose parsed url   path: '^0.15.2',
9 verbose parsed url   href: '^0.15.2' }
10 verbose addNamed [ 'forever', '^0.15.2' ]
11 verbose addNamed [ null, '>=0.15.2-0 <0.16.0-0' ]
12 silly lockFile 83ddc881-forever-0-15-2 forever@^0.15.2
13 error Error: EACCES, mkdir '/home/sfarley2/.npm'
13 error  { [Error: EACCES, mkdir '/home/sfarley2/.npm'] errno: 3, code: 'EACCES', path: '/home/sfarley2/.npm' }
14 error Please try running this command again as root/Administrator.
15 error System Linux 3.13.0-85-generic
16 error command "/usr/bin/nodejs" "/usr/bin/npm" "install" "forever"
17 error cwd /home/cds/www
18 error node -v v0.10.25
19 error npm -v 1.3.10
20 error path /home/sfarley2/.npm
21 error code EACCES
22 error errno 3
23 error stack Error: EACCES, mkdir '/home/sfarley2/.npm'
24 verbose exit [ 3, true ]
